<?xml version="1.0" encoding="utf-8"?><testsuites name="pytest tests"><testsuite name="pytest" errors="0" failures="2" skipped="0" tests="26" time="36.985" timestamp="2026-02-03T23:13:02.302662+00:00" hostname="agent-env-4c73cd6c-3c0b-416b-b35d-0d7872e96af2"><testcase classname="backend.tests.test_enforcement_features.TestAuthentication" name="test_admin_login" time="0.702" /><testcase classname="backend.tests.test_enforcement_features.TestAuthentication" name="test_supervisor_login" time="0.674" /><testcase classname="backend.tests.test_enforcement_features.TestAuthentication" name="test_officer_login" time="0.676" /><testcase classname="backend.tests.test_enforcement_features.TestCaseTypes" name="test_create_untidy_land_case" time="1.043" /><testcase classname="backend.tests.test_enforcement_features.TestCaseTypes" name="test_create_high_hedges_case" time="1.457" /><testcase classname="backend.tests.test_enforcement_features.TestCaseTypes" name="test_create_waste_carrier_case" time="1.036" /><testcase classname="backend.tests.test_enforcement_features.TestCaseTypes" name="test_create_nuisance_vehicle_case" time="1.019" /><testcase classname="backend.tests.test_enforcement_features.TestCaseTypes" name="test_create_nuisance_vehicle_seller_case" time="1.242" /><testcase classname="backend.tests.test_enforcement_features.TestCaseTypes" name="test_create_fly_tipping_variants" time="1.786" /><testcase classname="backend.tests.test_enforcement_features.TestCaseClosure" name="test_close_case_without_reason_fails" time="1.472"><failure message="AssertionError: Expected 400, got 200&#10;assert 200 == 400&#10; +  where 200 = &lt;Response [200]&gt;.status_code">backend/tests/test_enforcement_features.py:270: in test_close_case_without_reason_fails
    assert response.status_code == 400, f"Expected 400, got {response.status_code}"
E   AssertionError: Expected 400, got 200
E   assert 200 == 400
E    +  where 200 = &lt;Response [200]&gt;.status_code</failure></testcase><testcase classname="backend.tests.test_enforcement_features.TestCaseClosure" name="test_close_case_with_reason_and_note" time="1.681" /><testcase classname="backend.tests.test_enforcement_features.TestTeamsCRUD" name="test_get_teams" time="1.011" /><testcase classname="backend.tests.test_enforcement_features.TestTeamsCRUD" name="test_create_team" time="1.438" /><testcase classname="backend.tests.test_enforcement_features.TestTeamsCRUD" name="test_update_team" time="2.573" /><testcase classname="backend.tests.test_enforcement_features.TestTeamsCRUD" name="test_delete_team" time="2.352" /><testcase classname="backend.tests.test_enforcement_features.TestTeamsCRUD" name="test_get_team_members" time="1.370" /><testcase classname="backend.tests.test_enforcement_features.TestAdminSettings" name="test_get_settings" time="1.454" /><testcase classname="backend.tests.test_enforcement_features.TestAdminSettings" name="test_update_map_settings" time="1.362" /><testcase classname="backend.tests.test_enforcement_features.TestAdminSettings" name="test_update_organisation_settings" time="1.016" /><testcase classname="backend.tests.test_enforcement_features.TestAdminSettings" name="test_toggle_what3words" time="2.468" /><testcase classname="backend.tests.test_enforcement_features.TestWhat3Words" name="test_w3w_status" time="1.456" /><testcase classname="backend.tests.test_enforcement_features.TestWhat3Words" name="test_w3w_convert_words_to_coords" time="1.171" /><testcase classname="backend.tests.test_enforcement_features.TestCaseTypeTeamMapping" name="test_get_case_type_team_mapping" time="1.343" /><testcase classname="backend.tests.test_enforcement_features.TestWasteManagementClearance" name="test_add_clearance_outcome" time="2.021" /><testcase classname="backend.tests.test_enforcement_features.TestWasteManagementClearance" name="test_clearance_not_cleared_requires_reason" time="1.026"><failure message="requests.exceptions.JSONDecodeError: Expecting value: line 1 column 1 (char 0)">/root/.venv/lib/python3.11/site-packages/requests/models.py:976: in json
    return complexjson.loads(self.text, **kwargs)
           ^^^^^^^^^^^^^^^^^^^^^^^^^^^^^^^^^^^^^^
/usr/local/lib/python3.11/json/__init__.py:346: in loads
    return _default_decoder.decode(s)
           ^^^^^^^^^^^^^^^^^^^^^^^^^^
/usr/local/lib/python3.11/json/decoder.py:337: in decode
    obj, end = self.raw_decode(s, idx=_w(s, 0).end())
               ^^^^^^^^^^^^^^^^^^^^^^^^^^^^^^^^^^^^^^
/usr/local/lib/python3.11/json/decoder.py:355: in raw_decode
    raise JSONDecodeError("Expecting value", s, err.value) from None
E   json.decoder.JSONDecodeError: Expecting value: line 1 column 1 (char 0)

During handling of the above exception, another exception occurred:
backend/tests/test_enforcement_features.py:609: in test_clearance_not_cleared_requires_reason
    case_id = create_response.json()["id"]
              ^^^^^^^^^^^^^^^^^^^^^^
/root/.venv/lib/python3.11/site-packages/requests/models.py:980: in json
    raise RequestsJSONDecodeError(e.msg, e.doc, e.pos)
E   requests.exceptions.JSONDecodeError: Expecting value: line 1 column 1 (char 0)</failure></testcase><testcase classname="backend.tests.test_enforcement_features.TestCleanup" name="test_cleanup_test_teams" time="1.908" /></testsuite></testsuites>